<?xml version="1.0" encoding="UTF-8"?>
<!-- Generated by org.testng.reporters.JUnitReportReporter -->
<testsuite skipped="0" hostname="LIN55000210" name="JavaTPoint.JavaTProgram" tests="1" failures="0" timestamp="22 Oct 2019 23:40:09 GMT" time="0.020" errors="0">
  <testcase name="StringConcatinate" time="0.020" classname="JavaTPoint.JavaTProgram"/>
</testsuite> <!-- JavaTPoint.JavaTProgram -->
