<?xml version="1.0" encoding="UTF-8"?>
<!-- Generated by org.testng.reporters.JUnitReportReporter -->
<testsuite skipped="0" hostname="LIN55000210" name="PDFReaderTest" tests="1" failures="0" timestamp="07 Oct 2019 21:55:31 GMT" time="20.143" errors="0">
  <testcase name="PDFReaderTest" time="20.143" classname="PDFReaderTest"/>
</testsuite> <!-- PDFReaderTest -->
