<?xml version="1.0" encoding="UTF-8"?>
<!-- Generated by org.testng.reporters.JUnitReportReporter -->
<testsuite skipped="0" hostname="LIN55000210" name="MouseOver" tests="1" failures="0" timestamp="21 Oct 2019 21:02:44 GMT" time="8.134" errors="0">
  <testcase name="MouseOverFeature" time="8.134" classname="MouseOver"/>
</testsuite> <!-- MouseOver -->
