<?xml version="1.0" encoding="UTF-8"?>
<!-- Generated by org.testng.reporters.JUnitReportReporter -->
<testsuite skipped="0" hostname="LIN55000210" name="ListConcept" tests="1" failures="0" timestamp="22 Oct 2019 22:41:05 GMT" time="11.988" errors="0">
  <testcase name="AllListConcept" time="11.988" classname="ListConcept"/>
</testsuite> <!-- ListConcept -->
