<?xml version="1.0" encoding="UTF-8"?>
<!-- Generated by org.testng.reporters.JUnitReportReporter -->
<testsuite hostname="LIN55000210" name="com.CRM.qa.testCases.HomePageTest" tests="3" failures="0" timestamp="17 Jun 2019 21:03:22 GMT" time="41.878" errors="0">
  <testcase name="verifyContactsLinkTest" time="14.038" classname="com.CRM.qa.testCases.HomePageTest"/>
  <testcase name="verifyDealsSummaryTextTest" time="14.242" classname="com.CRM.qa.testCases.HomePageTest"/>
  <testcase name="verifyUserNameLabelTest" time="13.598" classname="com.CRM.qa.testCases.HomePageTest"/>
</testsuite> <!-- com.CRM.qa.testCases.HomePageTest -->
