<?xml version="1.0" encoding="UTF-8"?>
<!-- Generated by org.testng.reporters.JUnitReportReporter -->
<testsuite hostname="LIN55000210" name="com.CRM.qa.testCases.LandingPageTest" tests="3" failures="0" timestamp="17 Jun 2019 21:03:22 GMT" time="29.122" errors="0">
  <testcase name="landingPageTitleTest" time="7.124" classname="com.CRM.qa.testCases.LandingPageTest"/>
  <testcase name="loginButtonTest" time="14.638" classname="com.CRM.qa.testCases.LandingPageTest"/>
  <testcase name="landingPageLogoTest" time="7.360" classname="com.CRM.qa.testCases.LandingPageTest"/>
</testsuite> <!-- com.CRM.qa.testCases.LandingPageTest -->
