<?xml version="1.0" encoding="UTF-8"?>
<!-- Generated by org.testng.reporters.JUnitReportReporter -->
<testsuite hostname="LIN55000210" name="com.CRM.qa.testCases.LoginPageTest" tests="2" failures="0" timestamp="17 Jun 2019 21:03:22 GMT" time="28.692" errors="0">
  <testcase name="validateLoginPageTitle" time="15.884" classname="com.CRM.qa.testCases.LoginPageTest"/>
  <testcase name="validateLoginCredential" time="12.808" classname="com.CRM.qa.testCases.LoginPageTest"/>
</testsuite> <!-- com.CRM.qa.testCases.LoginPageTest -->
