<?xml version="1.0" encoding="UTF-8"?>
<!-- Generated by org.testng.reporters.JUnitReportReporter -->
<testsuite hostname="LIN55000210" name="launchBrowser.launchBrowser" tests="2" failures="0" timestamp="17 Jun 2019 21:00:32 GMT" time="0.068" errors="0">
  <testcase name="testMethod" time="0.022" classname="launchBrowser.launchBrowser"/>
  <testcase name="testMethod1" time="0.046" classname="launchBrowser.launchBrowser"/>
</testsuite> <!-- launchBrowser.launchBrowser -->
