<?xml version="1.0" encoding="UTF-8"?>
<!-- Generated by org.testng.reporters.JUnitReportReporter -->
<testsuite skipped="0" hostname="LIN55000210" name="com.qa.testRunner.TestRunner" tests="1" failures="0" timestamp="25 Sep 2019 22:51:50 GMT" time="14.181" errors="0">
  <testcase name="feature" time="14.181" classname="com.qa.testRunner.TestRunner"/>
</testsuite> <!-- com.qa.testRunner.TestRunner -->
